<?xml version="1.0" encoding="UTF-8"?>
<!-- Generated by org.testng.reporters.JUnitReportReporter -->
<testsuite hostname="Jayasivan-Ladybird" failures="0" tests="2" name="faveo.com.SubmitTicket" time="52.034" errors="0" timestamp="2024-04-05T10:27:33 IST" skipped="0">
  <testcase classname="faveo.com.SubmitTicket" name="FeatureRequest" time="34.036"/>
  <testcase classname="faveo.com.SubmitTicket" name="closedticket" time="17.998"/>
</testsuite> <!-- faveo.com.SubmitTicket -->
