<?xml version="1.0" encoding="UTF-8"?>
<!-- Generated by org.testng.reporters.JUnitReportReporter -->
<testsuite hostname="Jayasivan-Ladybird" failures="0" tests="1" name="faveo.com.Submitticketwithoutlogin" time="25.906" errors="0" timestamp="2024-04-17T17:27:57 IST" skipped="0">
  <testcase classname="faveo.com.Submitticketwithoutlogin" name="Already_registered_user" time="25.906"/>
</testsuite> <!-- faveo.com.Submitticketwithoutlogin -->
