<?xml version="1.0" encoding="UTF-8"?>
<!-- Generated by org.testng.reporters.JUnitReportReporter -->
<testsuite hostname="Jayasivan-Ladybird" failures="0" tests="1" name="faveo.com.UI" time="6.547" errors="0" timestamp="2024-04-20T13:18:04 IST" skipped="0">
  <testcase classname="faveo.com.UI" name="Check_for_list_of_items_inhomepage_withoutlogin" time="6.547"/>
</testsuite> <!-- faveo.com.UI -->
