<?xml version="1.0" encoding="UTF-8"?>
<!-- Generated by org.testng.reporters.JUnitReportReporter -->
<testsuite hostname="Jayasivan-Ladybird" failures="0" tests="1" name="faveo.com.Login" time="16.728" errors="0" timestamp="2024-03-27T17:19:57 IST" skipped="0">
  <testcase classname="faveo.com.Login" name="valicredentials" time="16.728"/>
</testsuite> <!-- faveo.com.Login -->
